
> 56k-slides-demo@ build E:\travail\56k-slides-demo\apps\slidev
> node ./scripts/build-presentations.mjs


 Locales detected: de, en, fr
Decks detected: introduction, pres2, pres3

 Building introduction [default] → E:\travail\56k-slides-demo\apps\slidev\dist\introduction


  [36m●[39m[34m■[39m[33m▲[39m
[1m  Slidev[22m  [34mv51.8.2[39m 

[2m  theme       [22m[32m../../theme[39m
[2m  css engine  [22m[34munocss[39m
[2m  entry       [22m[2mE:\travail\56k-slides-demo\apps\slidev\presentations\introduction\[22mslides.md
[36mvite v6.3.6 [32mbuilding for production...[36m[39m
[33m
[1m(!)[22m outDir [37m[2mE:\travail\56k-slides-demo\apps\slidev\dist\introduction[22m[33m is not inside project root and will not be emptied.
Use --emptyOutDir to override.
[39m
transforming...
[32m✓[39m 487 modules transformed.
rendering chunks...
computing gzip size...
[2m../../dist/introduction/[22m[32mindex.html                                                                      [39m[1m[2m  1.09 kB[22m[1m[22m[2m │ gzip:   0.52 kB[22m
[2m../../dist/introduction/[22m[32massets/logo-BYkHSa_O.png                                                        [39m[1m[2m 94.32 kB[22m[1m[22m
[2m../../dist/introduction/[22m[35massets/play-D_7yfuao.css                                                        [39m[1m[2m  0.06 kB[22m[1m[22m[2m │ gzip:   0.08 kB[22m
[2m../../dist/introduction/[22m[35massets/DrawingControls-Cxk9a9ub.css                                             [39m[1m[2m  0.07 kB[22m[1m[22m[2m │ gzip:   0.08 kB[22m
[2m../../dist/introduction/[22m[35massets/404-8K8jBNpg.css                                                         [39m[1m[2m  0.16 kB[22m[1m[22m[2m │ gzip:   0.13 kB[22m
[2m../../dist/introduction/[22m[35massets/entry-DCis_vf5.css                                                       [39m[1m[2m  0.32 kB[22m[1m[22m[2m │ gzip:   0.22 kB[22m
[2m../../dist/introduction/[22m[35massets/md-D8oFD9QK.css                                                          [39m[1m[2m  0.33 kB[22m[1m[22m[2m │ gzip:   0.21 kB[22m
[2m../../dist/introduction/[22m[35massets/NoteDisplay-DYhkQK5P.css                                                 [39m[1m[2m  0.35 kB[22m[1m[22m[2m │ gzip:   0.19 kB[22m
[2m../../dist/introduction/[22m[35massets/SlideWrapper-CaBSaqUq.css                                                [39m[1m[2m  0.54 kB[22m[1m[22m[2m │ gzip:   0.27 kB[22m
[2m../../dist/introduction/[22m[35massets/shortcuts-CgQd-Li0.css                                                   [39m[1m[2m  1.36 kB[22m[1m[22m[2m │ gzip:   0.53 kB[22m
[2m../../dist/introduction/[22m[35massets/presenter-D_WQ_YQQ.css                                                   [39m[1m[2m  1.65 kB[22m[1m[22m[2m │ gzip:   0.47 kB[22m
[2m../../dist/introduction/[22m[35massets/modules/shiki-CozCpemh.css                                               [39m[1m[2m 14.74 kB[22m[1m[22m[2m │ gzip:   2.79 kB[22m
[2m../../dist/introduction/[22m[35massets/index-CDSprkeZ.css                                                       [39m[1m[2m 80.74 kB[22m[1m[22m[2m │ gzip:  15.34 kB[22m
[2m../../dist/introduction/[22m[36massets/slidev/default-C1gBhNjG.js                                               [39m[1m[2m  0.25 kB[22m[1m[22m[2m │ gzip:   0.21 kB[22m
[2m../../dist/introduction/[22m[36massets/cover-D75jxl2X.js                                                        [39m[1m[2m  0.37 kB[22m[1m[22m[2m │ gzip:   0.27 kB[22m
[2m../../dist/introduction/[22m[36massets/slidev/DrawingControls-BOslq3FZ.js                                       [39m[1m[2m  0.42 kB[22m[1m[22m[2m │ gzip:   0.27 kB[22m
[2m../../dist/introduction/[22m[36massets/slidev/IconButton.vue_vue_type_script_setup_true_lang-S2wUsCgm.js        [39m[1m[2m  0.49 kB[22m[1m[22m[2m │ gzip:   0.34 kB[22m
[2m../../dist/introduction/[22m[36massets/slidev/context-Cbgc8BoH.js                                               [39m[1m[2m  0.52 kB[22m[1m[22m[2m │ gzip:   0.36 kB[22m
[2m../../dist/introduction/[22m[36massets/md-DipN5b7r.js                                                           [39m[1m[2m  0.55 kB[22m[1m[22m[2m │ gzip:   0.37 kB[22m
[2m../../dist/introduction/[22m[36massets/md-g039K5Md.js                                                           [39m[1m[2m  0.55 kB[22m[1m[22m[2m │ gzip:   0.37 kB[22m
[2m../../dist/introduction/[22m[36massets/md-Cg5TFfeM.js                                                           [39m[1m[2m  0.55 kB[22m[1m[22m[2m │ gzip:   0.37 kB[22m
[2m../../dist/introduction/[22m[36massets/md-C-80iaaT.js                                                           [39m[1m[2m  0.62 kB[22m[1m[22m[2m │ gzip:   0.41 kB[22m
[2m../../dist/introduction/[22m[36massets/slidev/DrawingLayer-BRTD9ocS.js                                          [39m[1m[2m  0.67 kB[22m[1m[22m[2m │ gzip:   0.46 kB[22m
[2m../../dist/introduction/[22m[36massets/slidev/entry-DnyVdHMp.js                                                 [39m[1m[2m  0.99 kB[22m[1m[22m[2m │ gzip:   0.48 kB[22m
[2m../../dist/introduction/[22m[36massets/slidev/404-leyGlRiB.js                                                   [39m[1m[2m  1.14 kB[22m[1m[22m[2m │ gzip:   0.68 kB[22m
[2m../../dist/introduction/[22m[36massets/md-CDMpjGh3.js                                                           [39m[1m[2m  1.40 kB[22m[1m[22m[2m │ gzip:   0.84 kB[22m
[2m../../dist/introduction/[22m[36massets/md-BLMRRLOd.js                                                           [39m[1m[2m  1.79 kB[22m[1m[22m[2m │ gzip:   1.01 kB[22m
[2m../../dist/introduction/[22m[36massets/md-BKvfS4QA.js                                                           [39m[1m[2m  1.94 kB[22m[1m[22m[2m │ gzip:   0.71 kB[22m
[2m../../dist/introduction/[22m[36massets/md-sRVLoG-R.js                                                           [39m[1m[2m  2.17 kB[22m[1m[22m[2m │ gzip:   0.81 kB[22m
[2m../../dist/introduction/[22m[36massets/md-CpvGQCm-.js                                                           [39m[1m[2m  2.19 kB[22m[1m[22m[2m │ gzip:   0.73 kB[22m
[2m../../dist/introduction/[22m[36massets/slidev/notes-CjLSmcwK.js                                                 [39m[1m[2m  2.39 kB[22m[1m[22m[2m │ gzip:   1.19 kB[22m
[2m../../dist/introduction/[22m[36massets/slidev/md-5cEi2P7v.js                                                    [39m[1m[2m  2.44 kB[22m[1m[22m[2m │ gzip:   1.03 kB[22m
[2m../../dist/introduction/[22m[36massets/md-DBdSagNh.js                                                           [39m[1m[2m  2.60 kB[22m[1m[22m[2m │ gzip:   0.84 kB[22m
[2m../../dist/introduction/[22m[36massets/modules/file-saver-DKWcVV7Q.js                                           [39m[1m[2m  3.08 kB[22m[1m[22m[2m │ gzip:   1.47 kB[22m
[2m../../dist/introduction/[22m[36massets/md-Dc5XXAUY.js                                                           [39m[1m[2m  3.25 kB[22m[1m[22m[2m │ gzip:   0.83 kB[22m
[2m../../dist/introduction/[22m[36massets/md-CHF1zHto.js                                                           [39m[1m[2m  3.36 kB[22m[1m[22m[2m │ gzip:   0.85 kB[22m
[2m../../dist/introduction/[22m[36massets/modules/unplugin-icons-DptLb1xS.js                                       [39m[1m[2m  3.52 kB[22m[1m[22m[2m │ gzip:   1.37 kB[22m
[2m../../dist/introduction/[22m[36massets/Logo-C7UQfKnk.js                                                         [39m[1m[2m  3.79 kB[22m[1m[22m[2m │ gzip:   1.51 kB[22m
[2m../../dist/introduction/[22m[36massets/slidev/md-BG5hZ4vA.js                                                    [39m[1m[2m  4.84 kB[22m[1m[22m[2m │ gzip:   1.15 kB[22m
[2m../../dist/introduction/[22m[36massets/slidev/NoteDisplay.vue_vue_type_style_index_0_lang-CgrdJpr0.js           [39m[1m[2m  4.97 kB[22m[1m[22m[2m │ gzip:   2.29 kB[22m
[2m../../dist/introduction/[22m[36massets/md-Bk_nuF2s.js                                                           [39m[1m[2m  5.09 kB[22m[1m[22m[2m │ gzip:   1.01 kB[22m
[2m../../dist/introduction/[22m[36massets/slidev/DrawingControls.vue_vue_type_style_index_0_lang-DTRgUhEJ.js       [39m[1m[2m  5.22 kB[22m[1m[22m[2m │ gzip:   2.04 kB[22m
[2m../../dist/introduction/[22m[36massets/slidev/CodeBlockWrapper.vue_vue_type_script_setup_true_lang-CxKZRLm4.js  [39m[1m[2m  5.36 kB[22m[1m[22m[2m │ gzip:   2.02 kB[22m
[2m../../dist/introduction/[22m[36massets/slidev/play-CoidPpG8.js                                                  [39m[1m[2m  5.85 kB[22m[1m[22m[2m │ gzip:   2.52 kB[22m
[2m../../dist/introduction/[22m[36massets/slidev/presenter-DmRv3NJW.js                                             [39m[1m[2m  7.22 kB[22m[1m[22m[2m │ gzip:   3.20 kB[22m
[2m../../dist/introduction/[22m[36massets/md-Dae_RX84.js                                                           [39m[1m[2m  7.75 kB[22m[1m[22m[2m │ gzip:   1.10 kB[22m
[2m../../dist/introduction/[22m[36massets/slidev/overview-BK-QuwWw.js                                              [39m[1m[2m  8.19 kB[22m[1m[22m[2m │ gzip:   3.68 kB[22m
[2m../../dist/introduction/[22m[36massets/slidev/SlideWrapper-UO-m65dG.js                                          [39m[1m[2m 25.51 kB[22m[1m[22m[2m │ gzip:   9.29 kB[22m
[2m../../dist/introduction/[22m[36massets/modules/shiki-782WAUvu.js                                                [39m[1m[2m 49.25 kB[22m[1m[22m[2m │ gzip:  15.69 kB[22m
[2m../../dist/introduction/[22m[36massets/slidev/shortcuts-Cra3CXZK.js                                             [39m[1m[2m 56.96 kB[22m[1m[22m[2m │ gzip:  20.21 kB[22m
[2m../../dist/introduction/[22m[36massets/index-DC_gFsGy.js                                                        [39m[1m[2m130.49 kB[22m[1m[22m[2m │ gzip:  46.02 kB[22m
[2m../../dist/introduction/[22m[36massets/modules/vue-RST_Lkgn.js                                                  [39m[1m[2m305.54 kB[22m[1m[22m[2m │ gzip: 112.16 kB[22m
[32m✓ built in 6.79s[39m
 Building introduction [de] → E:\travail\56k-slides-demo\apps\slidev\dist\introduction\de


  [36m●[39m[34m■[39m[33m▲[39m
[1m  Slidev[22m  [34mv51.8.2[39m 

[2m  theme       [22m[32m../../theme[39m
[2m  css engine  [22m[34munocss[39m
[2m  entry       [22m[2mE:\travail\56k-slides-demo\apps\slidev\presentations\introduction\[22mslides.md
[36mvite v6.3.6 [32mbuilding for production...[36m[39m
[33m
[1m(!)[22m outDir [37m[2mE:\travail\56k-slides-demo\apps\slidev\dist\introduction\de[22m[33m is not inside project root and will not be emptied.
Use --emptyOutDir to override.
[39m
transforming...
[32m✓[39m 487 modules transformed.
rendering chunks...
computing gzip size...
[2m../../dist/introduction/de/[22m[32mindex.html                                                                      [39m[1m[2m  1.11 kB[22m[1m[22m[2m │ gzip:   0.52 kB[22m
[2m../../dist/introduction/de/[22m[32massets/logo-BYkHSa_O.png                                                        [39m[1m[2m 94.32 kB[22m[1m[22m
[2m../../dist/introduction/de/[22m[35massets/play-D_7yfuao.css                                                        [39m[1m[2m  0.06 kB[22m[1m[22m[2m │ gzip:   0.08 kB[22m
[2m../../dist/introduction/de/[22m[35massets/DrawingControls-Cxk9a9ub.css                                             [39m[1m[2m  0.07 kB[22m[1m[22m[2m │ gzip:   0.08 kB[22m
[2m../../dist/introduction/de/[22m[35massets/404-8K8jBNpg.css                                                         [39m[1m[2m  0.16 kB[22m[1m[22m[2m │ gzip:   0.13 kB[22m
[2m../../dist/introduction/de/[22m[35massets/entry-DCis_vf5.css                                                       [39m[1m[2m  0.32 kB[22m[1m[22m[2m │ gzip:   0.22 kB[22m
[2m../../dist/introduction/de/[22m[35massets/md-D8oFD9QK.css                                                          [39m[1m[2m  0.33 kB[22m[1m[22m[2m │ gzip:   0.21 kB[22m
[2m../../dist/introduction/de/[22m[35massets/NoteDisplay-DYhkQK5P.css                                                 [39m[1m[2m  0.35 kB[22m[1m[22m[2m │ gzip:   0.19 kB[22m
[2m../../dist/introduction/de/[22m[35massets/SlideWrapper-CaBSaqUq.css                                                [39m[1m[2m  0.54 kB[22m[1m[22m[2m │ gzip:   0.27 kB[22m
[2m../../dist/introduction/de/[22m[35massets/shortcuts-CgQd-Li0.css                                                   [39m[1m[2m  1.36 kB[22m[1m[22m[2m │ gzip:   0.53 kB[22m
[2m../../dist/introduction/de/[22m[35massets/presenter-D_WQ_YQQ.css                                                   [39m[1m[2m  1.65 kB[22m[1m[22m[2m │ gzip:   0.47 kB[22m
[2m../../dist/introduction/de/[22m[35massets/modules/shiki-CozCpemh.css                                               [39m[1m[2m 14.74 kB[22m[1m[22m[2m │ gzip:   2.79 kB[22m
[2m../../dist/introduction/de/[22m[35massets/index-CDSprkeZ.css                                                       [39m[1m[2m 80.74 kB[22m[1m[22m[2m │ gzip:  15.34 kB[22m
[2m../../dist/introduction/de/[22m[36massets/slidev/default-9j2s2NHd.js                                               [39m[1m[2m  0.25 kB[22m[1m[22m[2m │ gzip:   0.21 kB[22m
[2m../../dist/introduction/de/[22m[36massets/cover-Cgw9wU3W.js                                                        [39m[1m[2m  0.37 kB[22m[1m[22m[2m │ gzip:   0.27 kB[22m
[2m../../dist/introduction/de/[22m[36massets/slidev/DrawingControls-DdyYYCoi.js                                       [39m[1m[2m  0.42 kB[22m[1m[22m[2m │ gzip:   0.27 kB[22m
[2m../../dist/introduction/de/[22m[36massets/slidev/IconButton.vue_vue_type_script_setup_true_lang-S2wUsCgm.js        [39m[1m[2m  0.49 kB[22m[1m[22m[2m │ gzip:   0.34 kB[22m
[2m../../dist/introduction/de/[22m[36massets/slidev/context-DQTOIqx8.js                                               [39m[1m[2m  0.52 kB[22m[1m[22m[2m │ gzip:   0.36 kB[22m
[2m../../dist/introduction/de/[22m[36massets/md-BHgsydhL.js                                                           [39m[1m[2m  0.55 kB[22m[1m[22m[2m │ gzip:   0.37 kB[22m
[2m../../dist/introduction/de/[22m[36massets/md-B7ni16up.js                                                           [39m[1m[2m  0.55 kB[22m[1m[22m[2m │ gzip:   0.37 kB[22m
[2m../../dist/introduction/de/[22m[36massets/md-DVCFXJCg.js                                                           [39m[1m[2m  0.55 kB[22m[1m[22m[2m │ gzip:   0.38 kB[22m
[2m../../dist/introduction/de/[22m[36massets/md-CoU5AxkC.js                                                           [39m[1m[2m  0.62 kB[22m[1m[22m[2m │ gzip:   0.41 kB[22m
[2m../../dist/introduction/de/[22m[36massets/slidev/DrawingLayer-DbEYQ7wV.js                                          [39m[1m[2m  0.67 kB[22m[1m[22m[2m │ gzip:   0.46 kB[22m
[2m../../dist/introduction/de/[22m[36massets/slidev/entry-Dn0naZrF.js                                                 [39m[1m[2m  0.99 kB[22m[1m[22m[2m │ gzip:   0.48 kB[22m
[2m../../dist/introduction/de/[22m[36massets/slidev/404-BxhnuLu6.js                                                   [39m[1m[2m  1.14 kB[22m[1m[22m[2m │ gzip:   0.68 kB[22m
[2m../../dist/introduction/de/[22m[36massets/md-To4dOXgG.js                                                           [39m[1m[2m  1.40 kB[22m[1m[22m[2m │ gzip:   0.84 kB[22m
[2m../../dist/introduction/de/[22m[36massets/md-Dg-tFXkf.js                                                           [39m[1m[2m  1.79 kB[22m[1m[22m[2m │ gzip:   1.02 kB[22m
[2m../../dist/introduction/de/[22m[36massets/md-D8n7d6EK.js                                                           [39m[1m[2m  1.94 kB[22m[1m[22m[2m │ gzip:   0.71 kB[22m
[2m../../dist/introduction/de/[22m[36massets/md-EAKToVWN.js                                                           [39m[1m[2m  2.17 kB[22m[1m[22m[2m │ gzip:   0.81 kB[22m
[2m../../dist/introduction/de/[22m[36massets/md--hZ0eFvy.js                                                           [39m[1m[2m  2.19 kB[22m[1m[22m[2m │ gzip:   0.74 kB[22m
[2m../../dist/introduction/de/[22m[36massets/slidev/notes-QqpejGgm.js                                                 [39m[1m[2m  2.39 kB[22m[1m[22m[2m │ gzip:   1.18 kB[22m
[2m../../dist/introduction/de/[22m[36massets/slidev/md-sUFJEisJ.js                                                    [39m[1m[2m  2.45 kB[22m[1m[22m[2m │ gzip:   1.04 kB[22m
[2m../../dist/introduction/de/[22m[36massets/md-D3mTC4s8.js                                                           [39m[1m[2m  2.60 kB[22m[1m[22m[2m │ gzip:   0.84 kB[22m
[2m../../dist/introduction/de/[22m[36massets/modules/file-saver-DKWcVV7Q.js                                           [39m[1m[2m  3.08 kB[22m[1m[22m[2m │ gzip:   1.47 kB[22m
[2m../../dist/introduction/de/[22m[36massets/md-C5dwBKE_.js                                                           [39m[1m[2m  3.25 kB[22m[1m[22m[2m │ gzip:   0.83 kB[22m
[2m../../dist/introduction/de/[22m[36massets/md-1Sj0Sgm7.js                                                           [39m[1m[2m  3.36 kB[22m[1m[22m[2m │ gzip:   0.85 kB[22m
[2m../../dist/introduction/de/[22m[36massets/modules/unplugin-icons-DptLb1xS.js                                       [39m[1m[2m  3.52 kB[22m[1m[22m[2m │ gzip:   1.37 kB[22m
[2m../../dist/introduction/de/[22m[36massets/Logo-sAQzD49E.js                                                         [39m[1m[2m  3.79 kB[22m[1m[22m[2m │ gzip:   1.51 kB[22m
[2m../../dist/introduction/de/[22m[36massets/slidev/md-pgF2Bksh.js                                                    [39m[1m[2m  4.84 kB[22m[1m[22m[2m │ gzip:   1.15 kB[22m
[2m../../dist/introduction/de/[22m[36massets/slidev/NoteDisplay.vue_vue_type_style_index_0_lang-Dip_EKe1.js           [39m[1m[2m  4.97 kB[22m[1m[22m[2m │ gzip:   2.29 kB[22m
[2m../../dist/introduction/de/[22m[36massets/md-tyYFEoDf.js                                                           [39m[1m[2m  5.09 kB[22m[1m[22m[2m │ gzip:   1.01 kB[22m
[2m../../dist/introduction/de/[22m[36massets/slidev/DrawingControls.vue_vue_type_style_index_0_lang-CD6uBlGt.js       [39m[1m[2m  5.22 kB[22m[1m[22m[2m │ gzip:   2.04 kB[22m
[2m../../dist/introduction/de/[22m[36massets/slidev/CodeBlockWrapper.vue_vue_type_script_setup_true_lang-Y0c5Y0pF.js  [39m[1m[2m  5.36 kB[22m[1m[22m[2m │ gzip:   2.02 kB[22m
[2m../../dist/introduction/de/[22m[36massets/slidev/play-Dfk8ALhq.js                                                  [39m[1m[2m  5.86 kB[22m[1m[22m[2m │ gzip:   2.52 kB[22m
[2m../../dist/introduction/de/[22m[36massets/slidev/presenter-DzwhCStk.js                                             [39m[1m[2m  7.22 kB[22m[1m[22m[2m │ gzip:   3.20 kB[22m
[2m../../dist/introduction/de/[22m[36massets/md-BihIi7R9.js                                                           [39m[1m[2m  7.75 kB[22m[1m[22m[2m │ gzip:   1.10 kB[22m
[2m../../dist/introduction/de/[22m[36massets/slidev/overview-D58k3Am-.js                                              [39m[1m[2m  8.19 kB[22m[1m[22m[2m │ gzip:   3.68 kB[22m
[2m../../dist/introduction/de/[22m[36massets/slidev/SlideWrapper-AjDZKqMC.js                                          [39m[1m[2m 25.51 kB[22m[1m[22m[2m │ gzip:   9.29 kB[22m
[2m../../dist/introduction/de/[22m[36massets/modules/shiki-782WAUvu.js                                                [39m[1m[2m 49.25 kB[22m[1m[22m[2m │ gzip:  15.69 kB[22m
[2m../../dist/introduction/de/[22m[36massets/slidev/shortcuts-C5W01V4R.js                                             [39m[1m[2m 56.96 kB[22m[1m[22m[2m │ gzip:  20.21 kB[22m
[2m../../dist/introduction/de/[22m[36massets/index-CAr-g7Ub.js                                                        [39m[1m[2m130.46 kB[22m[1m[22m[2m │ gzip:  46.01 kB[22m
[2m../../dist/introduction/de/[22m[36massets/modules/vue-RST_Lkgn.js                                                  [39m[1m[2m305.54 kB[22m[1m[22m[2m │ gzip: 112.16 kB[22m
[32m✓ built in 6.03s[39m
 Building introduction [en] → E:\travail\56k-slides-demo\apps\slidev\dist\introduction\en


  [36m●[39m[34m■[39m[33m▲[39m
[1m  Slidev[22m  [34mv51.8.2[39m 

[2m  theme       [22m[32m../../theme[39m
[2m  css engine  [22m[34munocss[39m
[2m  entry       [22m[2mE:\travail\56k-slides-demo\apps\slidev\presentations\introduction\[22mslides.md
[36mvite v6.3.6 [32mbuilding for production...[36m[39m
[33m
[1m(!)[22m outDir [37m[2mE:\travail\56k-slides-demo\apps\slidev\dist\introduction\en[22m[33m is not inside project root and will not be emptied.
Use --emptyOutDir to override.
[39m
transforming...
[32m✓[39m 487 modules transformed.
rendering chunks...
computing gzip size...
[2m../../dist/introduction/en/[22m[32mindex.html                                                                      [39m[1m[2m  1.11 kB[22m[1m[22m[2m │ gzip:   0.52 kB[22m
[2m../../dist/introduction/en/[22m[32massets/logo-BYkHSa_O.png                                                        [39m[1m[2m 94.32 kB[22m[1m[22m
[2m../../dist/introduction/en/[22m[35massets/play-D_7yfuao.css                                                        [39m[1m[2m  0.06 kB[22m[1m[22m[2m │ gzip:   0.08 kB[22m
[2m../../dist/introduction/en/[22m[35massets/DrawingControls-Cxk9a9ub.css                                             [39m[1m[2m  0.07 kB[22m[1m[22m[2m │ gzip:   0.08 kB[22m
[2m../../dist/introduction/en/[22m[35massets/404-8K8jBNpg.css                                                         [39m[1m[2m  0.16 kB[22m[1m[22m[2m │ gzip:   0.13 kB[22m
[2m../../dist/introduction/en/[22m[35massets/entry-DCis_vf5.css                                                       [39m[1m[2m  0.32 kB[22m[1m[22m[2m │ gzip:   0.22 kB[22m
[2m../../dist/introduction/en/[22m[35massets/md-D8oFD9QK.css                                                          [39m[1m[2m  0.33 kB[22m[1m[22m[2m │ gzip:   0.21 kB[22m
[2m../../dist/introduction/en/[22m[35massets/NoteDisplay-DYhkQK5P.css                                                 [39m[1m[2m  0.35 kB[22m[1m[22m[2m │ gzip:   0.19 kB[22m
[2m../../dist/introduction/en/[22m[35massets/SlideWrapper-CaBSaqUq.css                                                [39m[1m[2m  0.54 kB[22m[1m[22m[2m │ gzip:   0.27 kB[22m
[2m../../dist/introduction/en/[22m[35massets/shortcuts-CgQd-Li0.css                                                   [39m[1m[2m  1.36 kB[22m[1m[22m[2m │ gzip:   0.53 kB[22m
[2m../../dist/introduction/en/[22m[35massets/presenter-D_WQ_YQQ.css                                                   [39m[1m[2m  1.65 kB[22m[1m[22m[2m │ gzip:   0.47 kB[22m
[2m../../dist/introduction/en/[22m[35massets/modules/shiki-CozCpemh.css                                               [39m[1m[2m 14.74 kB[22m[1m[22m[2m │ gzip:   2.79 kB[22m
[2m../../dist/introduction/en/[22m[35massets/index-CDSprkeZ.css                                                       [39m[1m[2m 80.74 kB[22m[1m[22m[2m │ gzip:  15.34 kB[22m
[2m../../dist/introduction/en/[22m[36massets/slidev/default-DAZSEAzb.js                                               [39m[1m[2m  0.25 kB[22m[1m[22m[2m │ gzip:   0.21 kB[22m
[2m../../dist/introduction/en/[22m[36massets/cover-DT8c69gZ.js                                                        [39m[1m[2m  0.37 kB[22m[1m[22m[2m │ gzip:   0.27 kB[22m
[2m../../dist/introduction/en/[22m[36massets/slidev/DrawingControls-BO0PsF39.js                                       [39m[1m[2m  0.42 kB[22m[1m[22m[2m │ gzip:   0.27 kB[22m
[2m../../dist/introduction/en/[22m[36massets/slidev/IconButton.vue_vue_type_script_setup_true_lang-S2wUsCgm.js        [39m[1m[2m  0.49 kB[22m[1m[22m[2m │ gzip:   0.34 kB[22m
[2m../../dist/introduction/en/[22m[36massets/slidev/context-yODkHT0q.js                                               [39m[1m[2m  0.52 kB[22m[1m[22m[2m │ gzip:   0.36 kB[22m
[2m../../dist/introduction/en/[22m[36massets/md-GEBYK6Mi.js                                                           [39m[1m[2m  0.55 kB[22m[1m[22m[2m │ gzip:   0.37 kB[22m
[2m../../dist/introduction/en/[22m[36massets/md-IXJknyme.js                                                           [39m[1m[2m  0.55 kB[22m[1m[22m[2m │ gzip:   0.37 kB[22m
[2m../../dist/introduction/en/[22m[36massets/md-CRy1P5eG.js                                                           [39m[1m[2m  0.55 kB[22m[1m[22m[2m │ gzip:   0.38 kB[22m
[2m../../dist/introduction/en/[22m[36massets/md-BNvTBrbP.js                                                           [39m[1m[2m  0.62 kB[22m[1m[22m[2m │ gzip:   0.42 kB[22m
[2m../../dist/introduction/en/[22m[36massets/slidev/DrawingLayer-GOThuGwf.js                                          [39m[1m[2m  0.67 kB[22m[1m[22m[2m │ gzip:   0.46 kB[22m
[2m../../dist/introduction/en/[22m[36massets/slidev/entry-D_haLV6H.js                                                 [39m[1m[2m  0.99 kB[22m[1m[22m[2m │ gzip:   0.48 kB[22m
[2m../../dist/introduction/en/[22m[36massets/slidev/404-DX2o7LPe.js                                                   [39m[1m[2m  1.14 kB[22m[1m[22m[2m │ gzip:   0.68 kB[22m
[2m../../dist/introduction/en/[22m[36massets/md-DxPp9Cuy.js                                                           [39m[1m[2m  1.40 kB[22m[1m[22m[2m │ gzip:   0.84 kB[22m
[2m../../dist/introduction/en/[22m[36massets/md-BR7fH8zv.js                                                           [39m[1m[2m  1.79 kB[22m[1m[22m[2m │ gzip:   1.02 kB[22m
[2m../../dist/introduction/en/[22m[36massets/md-CvPJ8_Zl.js                                                           [39m[1m[2m  1.94 kB[22m[1m[22m[2m │ gzip:   0.71 kB[22m
[2m../../dist/introduction/en/[22m[36massets/md-jqcGgJ8r.js                                                           [39m[1m[2m  2.17 kB[22m[1m[22m[2m │ gzip:   0.81 kB[22m
[2m../../dist/introduction/en/[22m[36massets/md-ukG1aQS5.js                                                           [39m[1m[2m  2.19 kB[22m[1m[22m[2m │ gzip:   0.74 kB[22m
[2m../../dist/introduction/en/[22m[36massets/slidev/notes--maG572P.js                                                 [39m[1m[2m  2.39 kB[22m[1m[22m[2m │ gzip:   1.19 kB[22m
[2m../../dist/introduction/en/[22m[36massets/slidev/md-DpZ7Zbat.js                                                    [39m[1m[2m  2.45 kB[22m[1m[22m[2m │ gzip:   1.04 kB[22m
[2m../../dist/introduction/en/[22m[36massets/md-DLvQZjfD.js                                                           [39m[1m[2m  2.60 kB[22m[1m[22m[2m │ gzip:   0.84 kB[22m
[2m../../dist/introduction/en/[22m[36massets/modules/file-saver-DKWcVV7Q.js                                           [39m[1m[2m  3.08 kB[22m[1m[22m[2m │ gzip:   1.47 kB[22m
[2m../../dist/introduction/en/[22m[36massets/md-kFKnRJqZ.js                                                           [39m[1m[2m  3.25 kB[22m[1m[22m[2m │ gzip:   0.83 kB[22m
[2m../../dist/introduction/en/[22m[36massets/md-DN5g4XCG.js                                                           [39m[1m[2m  3.36 kB[22m[1m[22m[2m │ gzip:   0.85 kB[22m
[2m../../dist/introduction/en/[22m[36massets/modules/unplugin-icons-DptLb1xS.js                                       [39m[1m[2m  3.52 kB[22m[1m[22m[2m │ gzip:   1.37 kB[22m
[2m../../dist/introduction/en/[22m[36massets/Logo-50EYjLHL.js                                                         [39m[1m[2m  3.79 kB[22m[1m[22m[2m │ gzip:   1.51 kB[22m
[2m../../dist/introduction/en/[22m[36massets/slidev/md-BL64kV_S.js                                                    [39m[1m[2m  4.84 kB[22m[1m[22m[2m │ gzip:   1.15 kB[22m
[2m../../dist/introduction/en/[22m[36massets/slidev/NoteDisplay.vue_vue_type_style_index_0_lang-B-YiKM3l.js           [39m[1m[2m  4.97 kB[22m[1m[22m[2m │ gzip:   2.29 kB[22m
[2m../../dist/introduction/en/[22m[36massets/md-CaAFPF-r.js                                                           [39m[1m[2m  5.09 kB[22m[1m[22m[2m │ gzip:   1.01 kB[22m
[2m../../dist/introduction/en/[22m[36massets/slidev/DrawingControls.vue_vue_type_style_index_0_lang-DkGf2vEU.js       [39m[1m[2m  5.22 kB[22m[1m[22m[2m │ gzip:   2.04 kB[22m
[2m../../dist/introduction/en/[22m[36massets/slidev/CodeBlockWrapper.vue_vue_type_script_setup_true_lang-CA--VT_8.js  [39m[1m[2m  5.36 kB[22m[1m[22m[2m │ gzip:   2.02 kB[22m
[2m../../dist/introduction/en/[22m[36massets/slidev/play-DwBEU6_R.js                                                  [39m[1m[2m  5.86 kB[22m[1m[22m[2m │ gzip:   2.52 kB[22m
[2m../../dist/introduction/en/[22m[36massets/slidev/presenter-DtEjj2tB.js                                             [39m[1m[2m  7.22 kB[22m[1m[22m[2m │ gzip:   3.20 kB[22m
[2m../../dist/introduction/en/[22m[36massets/md-B7ReeGma.js                                                           [39m[1m[2m  7.75 kB[22m[1m[22m[2m │ gzip:   1.10 kB[22m
[2m../../dist/introduction/en/[22m[36massets/slidev/overview-CLfqJxWR.js                                              [39m[1m[2m  8.19 kB[22m[1m[22m[2m │ gzip:   3.68 kB[22m
[2m../../dist/introduction/en/[22m[36massets/slidev/SlideWrapper-CRQmEzdj.js                                          [39m[1m[2m 25.51 kB[22m[1m[22m[2m │ gzip:   9.29 kB[22m
[2m../../dist/introduction/en/[22m[36massets/modules/shiki-782WAUvu.js                                                [39m[1m[2m 49.25 kB[22m[1m[22m[2m │ gzip:  15.69 kB[22m
[2m../../dist/introduction/en/[22m[36massets/slidev/shortcuts-B9AxfaVq.js                                             [39m[1m[2m 56.96 kB[22m[1m[22m[2m │ gzip:  20.21 kB[22m
[2m../../dist/introduction/en/[22m[36massets/index-DTRbcDPS.js                                                        [39m[1m[2m130.46 kB[22m[1m[22m[2m │ gzip:  46.01 kB[22m
[2m../../dist/introduction/en/[22m[36massets/modules/vue-RST_Lkgn.js                                                  [39m[1m[2m305.54 kB[22m[1m[22m[2m │ gzip: 112.16 kB[22m
[32m✓ built in 6.11s[39m
 Building introduction [fr] → E:\travail\56k-slides-demo\apps\slidev\dist\introduction\fr


  [36m●[39m[34m■[39m[33m▲[39m
[1m  Slidev[22m  [34mv51.8.2[39m 

[2m  theme       [22m[32m../../theme[39m
[2m  css engine  [22m[34munocss[39m
[2m  entry       [22m[2mE:\travail\56k-slides-demo\apps\slidev\presentations\introduction\[22mslides.md
[36mvite v6.3.6 [32mbuilding for production...[36m[39m
[33m
[1m(!)[22m outDir [37m[2mE:\travail\56k-slides-demo\apps\slidev\dist\introduction\fr[22m[33m is not inside project root and will not be emptied.
Use --emptyOutDir to override.
[39m
transforming...
[32m✓[39m 487 modules transformed.
rendering chunks...
computing gzip size...
[2m../../dist/introduction/fr/[22m[32mindex.html                                                                      [39m[1m[2m  1.11 kB[22m[1m[22m[2m │ gzip:   0.53 kB[22m
[2m../../dist/introduction/fr/[22m[32massets/logo-BYkHSa_O.png                                                        [39m[1m[2m 94.32 kB[22m[1m[22m
[2m../../dist/introduction/fr/[22m[35massets/play-D_7yfuao.css                                                        [39m[1m[2m  0.06 kB[22m[1m[22m[2m │ gzip:   0.08 kB[22m
[2m../../dist/introduction/fr/[22m[35massets/DrawingControls-Cxk9a9ub.css                                             [39m[1m[2m  0.07 kB[22m[1m[22m[2m │ gzip:   0.08 kB[22m
[2m../../dist/introduction/fr/[22m[35massets/404-8K8jBNpg.css                                                         [39m[1m[2m  0.16 kB[22m[1m[22m[2m │ gzip:   0.13 kB[22m
[2m../../dist/introduction/fr/[22m[35massets/entry-DCis_vf5.css                                                       [39m[1m[2m  0.32 kB[22m[1m[22m[2m │ gzip:   0.22 kB[22m
[2m../../dist/introduction/fr/[22m[35massets/md-D8oFD9QK.css                                                          [39m[1m[2m  0.33 kB[22m[1m[22m[2m │ gzip:   0.21 kB[22m
[2m../../dist/introduction/fr/[22m[35massets/NoteDisplay-DYhkQK5P.css                                                 [39m[1m[2m  0.35 kB[22m[1m[22m[2m │ gzip:   0.19 kB[22m
[2m../../dist/introduction/fr/[22m[35massets/SlideWrapper-CaBSaqUq.css                                                [39m[1m[2m  0.54 kB[22m[1m[22m[2m │ gzip:   0.27 kB[22m
[2m../../dist/introduction/fr/[22m[35massets/shortcuts-CgQd-Li0.css                                                   [39m[1m[2m  1.36 kB[22m[1m[22m[2m │ gzip:   0.53 kB[22m
[2m../../dist/introduction/fr/[22m[35massets/presenter-D_WQ_YQQ.css                                                   [39m[1m[2m  1.65 kB[22m[1m[22m[2m │ gzip:   0.47 kB[22m
[2m../../dist/introduction/fr/[22m[35massets/modules/shiki-CozCpemh.css                                               [39m[1m[2m 14.74 kB[22m[1m[22m[2m │ gzip:   2.79 kB[22m
[2m../../dist/introduction/fr/[22m[35massets/index-CDSprkeZ.css                                                       [39m[1m[2m 80.74 kB[22m[1m[22m[2m │ gzip:  15.34 kB[22m
[2m../../dist/introduction/fr/[22m[36massets/slidev/default-Degccsf4.js                                               [39m[1m[2m  0.25 kB[22m[1m[22m[2m │ gzip:   0.21 kB[22m
[2m../../dist/introduction/fr/[22m[36massets/cover-C0G5n7gU.js                                                        [39m[1m[2m  0.37 kB[22m[1m[22m[2m │ gzip:   0.27 kB[22m
[2m../../dist/introduction/fr/[22m[36massets/slidev/DrawingControls-Dxja2AfN.js                                       [39m[1m[2m  0.42 kB[22m[1m[22m[2m │ gzip:   0.27 kB[22m
[2m../../dist/introduction/fr/[22m[36massets/slidev/IconButton.vue_vue_type_script_setup_true_lang-S2wUsCgm.js        [39m[1m[2m  0.49 kB[22m[1m[22m[2m │ gzip:   0.34 kB[22m
[2m../../dist/introduction/fr/[22m[36massets/slidev/context-BKAbrCpf.js                                               [39m[1m[2m  0.52 kB[22m[1m[22m[2m │ gzip:   0.36 kB[22m
[2m../../dist/introduction/fr/[22m[36massets/md-DBUMg2dC.js                                                           [39m[1m[2m  0.55 kB[22m[1m[22m[2m │ gzip:   0.37 kB[22m
[2m../../dist/introduction/fr/[22m[36massets/md-YijonVy1.js                                                           [39m[1m[2m  0.55 kB[22m[1m[22m[2m │ gzip:   0.37 kB[22m
[2m../../dist/introduction/fr/[22m[36massets/md-BB_OqEBC.js                                                           [39m[1m[2m  0.55 kB[22m[1m[22m[2m │ gzip:   0.37 kB[22m
[2m../../dist/introduction/fr/[22m[36massets/md-Dx1zceaB.js                                                           [39m[1m[2m  0.62 kB[22m[1m[22m[2m │ gzip:   0.41 kB[22m
[2m../../dist/introduction/fr/[22m[36massets/slidev/DrawingLayer-BaxE7F-f.js                                          [39m[1m[2m  0.67 kB[22m[1m[22m[2m │ gzip:   0.46 kB[22m
[2m../../dist/introduction/fr/[22m[36massets/slidev/entry-Dlt5NSmF.js                                                 [39m[1m[2m  0.99 kB[22m[1m[22m[2m │ gzip:   0.48 kB[22m
[2m../../dist/introduction/fr/[22m[36massets/slidev/404-BqOChQn6.js                                                   [39m[1m[2m  1.14 kB[22m[1m[22m[2m │ gzip:   0.68 kB[22m
[2m../../dist/introduction/fr/[22m[36massets/md-CkRTtlsl.js                                                           [39m[1m[2m  1.40 kB[22m[1m[22m[2m │ gzip:   0.84 kB[22m
[2m../../dist/introduction/fr/[22m[36massets/md-BB8NsF8R.js                                                           [39m[1m[2m  1.79 kB[22m[1m[22m[2m │ gzip:   1.02 kB[22m
[2m../../dist/introduction/fr/[22m[36massets/md-CeN3qJ-z.js                                                           [39m[1m[2m  1.94 kB[22m[1m[22m[2m │ gzip:   0.71 kB[22m
[2m../../dist/introduction/fr/[22m[36massets/md-qdtOFGZb.js                                                           [39m[1m[2m  2.17 kB[22m[1m[22m[2m │ gzip:   0.81 kB[22m
[2m../../dist/introduction/fr/[22m[36massets/md-C-WlMvFO.js                                                           [39m[1m[2m  2.19 kB[22m[1m[22m[2m │ gzip:   0.74 kB[22m
[2m../../dist/introduction/fr/[22m[36massets/slidev/notes-xGPjAxr5.js                                                 [39m[1m[2m  2.39 kB[22m[1m[22m[2m │ gzip:   1.19 kB[22m
[2m../../dist/introduction/fr/[22m[36massets/slidev/md-7YXOByom.js                                                    [39m[1m[2m  2.45 kB[22m[1m[22m[2m │ gzip:   1.04 kB[22m
[2m../../dist/introduction/fr/[22m[36massets/md-DbLP5n6_.js                                                           [39m[1m[2m  2.60 kB[22m[1m[22m[2m │ gzip:   0.84 kB[22m
[2m../../dist/introduction/fr/[22m[36massets/modules/file-saver-DKWcVV7Q.js                                           [39m[1m[2m  3.08 kB[22m[1m[22m[2m │ gzip:   1.47 kB[22m
[2m../../dist/introduction/fr/[22m[36massets/md-Bz1AUpEk.js                                                           [39m[1m[2m  3.25 kB[22m[1m[22m[2m │ gzip:   0.83 kB[22m
[2m../../dist/introduction/fr/[22m[36massets/md-Uf7-HuIg.js                                                           [39m[1m[2m  3.36 kB[22m[1m[22m[2m │ gzip:   0.85 kB[22m
[2m../../dist/introduction/fr/[22m[36massets/modules/unplugin-icons-DptLb1xS.js                                       [39m[1m[2m  3.52 kB[22m[1m[22m[2m │ gzip:   1.37 kB[22m
[2m../../dist/introduction/fr/[22m[36massets/Logo-B0Mvqs1_.js                                                         [39m[1m[2m  3.79 kB[22m[1m[22m[2m │ gzip:   1.51 kB[22m
[2m../../dist/introduction/fr/[22m[36massets/slidev/md-BG46fqW1.js                                                    [39m[1m[2m  4.84 kB[22m[1m[22m[2m │ gzip:   1.15 kB[22m
[2m../../dist/introduction/fr/[22m[36massets/slidev/NoteDisplay.vue_vue_type_style_index_0_lang-DsPcZa4E.js           [39m[1m[2m  4.97 kB[22m[1m[22m[2m │ gzip:   2.29 kB[22m
[2m../../dist/introduction/fr/[22m[36massets/md-D6Jzjcmt.js                                                           [39m[1m[2m  5.09 kB[22m[1m[22m[2m │ gzip:   1.01 kB[22m
[2m../../dist/introduction/fr/[22m[36massets/slidev/DrawingControls.vue_vue_type_style_index_0_lang-JgJXEqjL.js       [39m[1m[2m  5.22 kB[22m[1m[22m[2m │ gzip:   2.03 kB[22m
[2m../../dist/introduction/fr/[22m[36massets/slidev/CodeBlockWrapper.vue_vue_type_script_setup_true_lang-Bh6nFVH6.js  [39m[1m[2m  5.36 kB[22m[1m[22m[2m │ gzip:   2.02 kB[22m
[2m../../dist/introduction/fr/[22m[36massets/slidev/play-CVgRNWSl.js                                                  [39m[1m[2m  5.86 kB[22m[1m[22m[2m │ gzip:   2.52 kB[22m
[2m../../dist/introduction/fr/[22m[36massets/slidev/presenter-bujmukqH.js                                             [39m[1m[2m  7.22 kB[22m[1m[22m[2m │ gzip:   3.20 kB[22m
[2m../../dist/introduction/fr/[22m[36massets/md-B19ZNoa0.js                                                           [39m[1m[2m  7.75 kB[22m[1m[22m[2m │ gzip:   1.10 kB[22m
[2m../../dist/introduction/fr/[22m[36massets/slidev/overview-DGLa8HN6.js                                              [39m[1m[2m  8.19 kB[22m[1m[22m[2m │ gzip:   3.68 kB[22m
[2m../../dist/introduction/fr/[22m[36massets/slidev/SlideWrapper-C8iSrEkR.js                                          [39m[1m[2m 25.51 kB[22m[1m[22m[2m │ gzip:   9.29 kB[22m
[2m../../dist/introduction/fr/[22m[36massets/modules/shiki-782WAUvu.js                                                [39m[1m[2m 49.25 kB[22m[1m[22m[2m │ gzip:  15.69 kB[22m
[2m../../dist/introduction/fr/[22m[36massets/slidev/shortcuts-Cn3z0Gn1.js                                             [39m[1m[2m 56.96 kB[22m[1m[22m[2m │ gzip:  20.20 kB[22m
[2m../../dist/introduction/fr/[22m[36massets/index-BwOWoUxE.js                                                        [39m[1m[2m130.46 kB[22m[1m[22m[2m │ gzip:  46.01 kB[22m
[2m../../dist/introduction/fr/[22m[36massets/modules/vue-RST_Lkgn.js                                                  [39m[1m[2m305.54 kB[22m[1m[22m[2m │ gzip: 112.16 kB[22m
[32m✓ built in 5.96s[39m

 Building pres2 [default] → E:\travail\56k-slides-demo\apps\slidev\dist\pres2


  [36m●[39m[34m■[39m[33m▲[39m
[1m  Slidev[22m  [34mv51.8.2[39m 

[2m  theme       [22m[32m../../theme[39m
[2m  css engine  [22m[34munocss[39m
[2m  entry       [22m[2mE:\travail\56k-slides-demo\apps\slidev\presentations\pres2\[22mslides.md
[36mvite v6.3.6 [32mbuilding for production...[36m[39m
[33m
[1m(!)[22m outDir [37m[2mE:\travail\56k-slides-demo\apps\slidev\dist\pres2[22m[33m is not inside project root and will not be emptied.
Use --emptyOutDir to override.
[39m
transforming...
[32m✓[39m 406 modules transformed.
rendering chunks...
computing gzip size...
[2m../../dist/pres2/[22m[32mindex.html                                                                 [39m[1m[2m  1.05 kB[22m[1m[22m[2m │ gzip:  0.51 kB[22m
[2m../../dist/pres2/[22m[32massets/logo-BYkHSa_O.png                                                   [39m[1m[2m 94.32 kB[22m[1m[22m
[2m../../dist/pres2/[22m[35massets/play-D_7yfuao.css                                                   [39m[1m[2m  0.06 kB[22m[1m[22m[2m │ gzip:  0.08 kB[22m
[2m../../dist/pres2/[22m[35massets/DrawingControls-Cxk9a9ub.css                                        [39m[1m[2m  0.07 kB[22m[1m[22m[2m │ gzip:  0.08 kB[22m
[2m../../dist/pres2/[22m[35massets/404-8K8jBNpg.css                                                    [39m[1m[2m  0.16 kB[22m[1m[22m[2m │ gzip:  0.13 kB[22m
[2m../../dist/pres2/[22m[35massets/entry-DCis_vf5.css                                                  [39m[1m[2m  0.32 kB[22m[1m[22m[2m │ gzip:  0.22 kB[22m
[2m../../dist/pres2/[22m[35massets/NoteDisplay-DYhkQK5P.css                                            [39m[1m[2m  0.35 kB[22m[1m[22m[2m │ gzip:  0.19 kB[22m
[2m../../dist/pres2/[22m[35massets/SlideWrapper-CaBSaqUq.css                                           [39m[1m[2m  0.54 kB[22m[1m[22m[2m │ gzip:  0.27 kB[22m
[2m../../dist/pres2/[22m[35massets/shortcuts-CgQd-Li0.css                                              [39m[1m[2m  1.36 kB[22m[1m[22m[2m │ gzip:  0.53 kB[22m
[2m../../dist/pres2/[22m[35massets/presenter-D_WQ_YQQ.css                                              [39m[1m[2m  1.65 kB[22m[1m[22m[2m │ gzip:  0.47 kB[22m
[2m../../dist/pres2/[22m[35massets/modules/shiki-CozCpemh.css                                          [39m[1m[2m 14.74 kB[22m[1m[22m[2m │ gzip:  2.79 kB[22m
[2m../../dist/pres2/[22m[35massets/index-Bi0WK6w-.css                                                  [39m[1m[2m 80.03 kB[22m[1m[22m[2m │ gzip: 15.13 kB[22m
[2m../../dist/pres2/[22m[36massets/slidev/DrawingControls-DlAHuHpi.js                                  [39m[1m[2m  0.42 kB[22m[1m[22m[2m │ gzip:  0.27 kB[22m
[2m../../dist/pres2/[22m[36massets/slidev/IconButton.vue_vue_type_script_setup_true_lang--V1lOuCf.js   [39m[1m[2m  0.49 kB[22m[1m[22m[2m │ gzip:  0.34 kB[22m
[2m../../dist/pres2/[22m[36massets/slidev/context-0xELUFLh.js                                          [39m[1m[2m  0.52 kB[22m[1m[22m[2m │ gzip:  0.36 kB[22m
[2m../../dist/pres2/[22m[36massets/slidev/DrawingLayer-BFqLE2G0.js                                     [39m[1m[2m  0.67 kB[22m[1m[22m[2m │ gzip:  0.46 kB[22m
[2m../../dist/pres2/[22m[36massets/slidev/entry-ohlxXqia.js                                            [39m[1m[2m  0.99 kB[22m[1m[22m[2m │ gzip:  0.48 kB[22m
[2m../../dist/pres2/[22m[36massets/slidev/md-Bx9hcVrc.js                                               [39m[1m[2m  0.99 kB[22m[1m[22m[2m │ gzip:  0.65 kB[22m
[2m../../dist/pres2/[22m[36massets/slidev/404-BuBw0oza.js                                              [39m[1m[2m  1.14 kB[22m[1m[22m[2m │ gzip:  0.68 kB[22m
[2m../../dist/pres2/[22m[36massets/slidev/notes-DwNYM4rb.js                                            [39m[1m[2m  2.39 kB[22m[1m[22m[2m │ gzip:  1.18 kB[22m
[2m../../dist/pres2/[22m[36massets/modules/unplugin-icons-Bo5yyPmo.js                                  [39m[1m[2m  2.56 kB[22m[1m[22m[2m │ gzip:  1.09 kB[22m
[2m../../dist/pres2/[22m[36massets/modules/file-saver-DKWcVV7Q.js                                      [39m[1m[2m  3.08 kB[22m[1m[22m[2m │ gzip:  1.47 kB[22m
[2m../../dist/pres2/[22m[36massets/md-DuDSYdjA.js                                                      [39m[1m[2m  4.37 kB[22m[1m[22m[2m │ gzip:  1.87 kB[22m
[2m../../dist/pres2/[22m[36massets/slidev/NoteDisplay.vue_vue_type_style_index_0_lang-Cplz1jTg.js      [39m[1m[2m  4.97 kB[22m[1m[22m[2m │ gzip:  2.29 kB[22m
[2m../../dist/pres2/[22m[36massets/slidev/DrawingControls.vue_vue_type_style_index_0_lang-p9pUwNo7.js  [39m[1m[2m  5.22 kB[22m[1m[22m[2m │ gzip:  2.04 kB[22m
[2m../../dist/pres2/[22m[36massets/slidev/play-DHVmBGap.js                                             [39m[1m[2m  5.85 kB[22m[1m[22m[2m │ gzip:  2.51 kB[22m
[2m../../dist/pres2/[22m[36massets/slidev/presenter-CATJpqP-.js                                        [39m[1m[2m  7.22 kB[22m[1m[22m[2m │ gzip:  3.20 kB[22m
[2m../../dist/pres2/[22m[36massets/slidev/overview-DcA3q6cr.js                                         [39m[1m[2m  8.19 kB[22m[1m[22m[2m │ gzip:  3.68 kB[22m
[2m../../dist/pres2/[22m[36massets/slidev/SlideWrapper-jIm8LaDU.js                                     [39m[1m[2m 25.51 kB[22m[1m[22m[2m │ gzip:  9.29 kB[22m
[2m../../dist/pres2/[22m[36massets/modules/shiki-DqHqTnHb.js                                           [39m[1m[2m 49.25 kB[22m[1m[22m[2m │ gzip: 15.69 kB[22m
[2m../../dist/pres2/[22m[36massets/slidev/shortcuts-3T7nWv0u.js                                        [39m[1m[2m 55.99 kB[22m[1m[22m[2m │ gzip: 19.94 kB[22m
[2m../../dist/pres2/[22m[36massets/index-DOyDbCVL.js                                                   [39m[1m[2m109.89 kB[22m[1m[22m[2m │ gzip: 40.19 kB[22m
[2m../../dist/pres2/[22m[36massets/modules/vue-DguiVrL0.js                                             [39m[1m[2m249.27 kB[22m[1m[22m[2m │ gzip: 93.72 kB[22m
[32m✓ built in 3.57s[39m

 Building pres3 [default] → E:\travail\56k-slides-demo\apps\slidev\dist\pres3


  [36m●[39m[34m■[39m[33m▲[39m
[1m  Slidev[22m  [34mv51.8.2[39m 

[2m  theme       [22m[32m@slidev/theme-default[39m
[2m  css engine  [22m[34munocss[39m
[2m  entry       [22m[2mE:\travail\56k-slides-demo\apps\slidev\presentations\pres3\[22mslides.md
[36mvite v6.3.6 [32mbuilding for production...[36m[39m
[33m
[1m(!)[22m outDir [37m[2mE:\travail\56k-slides-demo\apps\slidev\dist\pres3[22m[33m is not inside project root and will not be emptied.
Use --emptyOutDir to override.
[39m
transforming...
[32m✓[39m 402 modules transformed.
rendering chunks...
computing gzip size...
[2m../../dist/pres3/[22m[32mindex.html                                                                 [39m[1m[2m  1.06 kB[22m[1m[22m[2m │ gzip:  0.52 kB[22m
[2m../../dist/pres3/[22m[32massets/logo-BYkHSa_O.png                                                   [39m[1m[2m 94.32 kB[22m[1m[22m
[2m../../dist/pres3/[22m[35massets/play-D_7yfuao.css                                                   [39m[1m[2m  0.06 kB[22m[1m[22m[2m │ gzip:  0.08 kB[22m
[2m../../dist/pres3/[22m[35massets/DrawingControls-Cxk9a9ub.css                                        [39m[1m[2m  0.07 kB[22m[1m[22m[2m │ gzip:  0.08 kB[22m
[2m../../dist/pres3/[22m[35massets/404-8K8jBNpg.css                                                    [39m[1m[2m  0.16 kB[22m[1m[22m[2m │ gzip:  0.13 kB[22m
[2m../../dist/pres3/[22m[35massets/entry-DCis_vf5.css                                                  [39m[1m[2m  0.32 kB[22m[1m[22m[2m │ gzip:  0.22 kB[22m
[2m../../dist/pres3/[22m[35massets/NoteDisplay-DYhkQK5P.css                                            [39m[1m[2m  0.35 kB[22m[1m[22m[2m │ gzip:  0.19 kB[22m
[2m../../dist/pres3/[22m[35massets/SlideWrapper-CaBSaqUq.css                                           [39m[1m[2m  0.54 kB[22m[1m[22m[2m │ gzip:  0.27 kB[22m
[2m../../dist/pres3/[22m[35massets/shortcuts-CgQd-Li0.css                                              [39m[1m[2m  1.36 kB[22m[1m[22m[2m │ gzip:  0.53 kB[22m
[2m../../dist/pres3/[22m[35massets/presenter-D_WQ_YQQ.css                                              [39m[1m[2m  1.65 kB[22m[1m[22m[2m │ gzip:  0.47 kB[22m
[2m../../dist/pres3/[22m[35massets/modules/shiki-CozCpemh.css                                          [39m[1m[2m 14.74 kB[22m[1m[22m[2m │ gzip:  2.79 kB[22m
[2m../../dist/pres3/[22m[35massets/index-C6VuxsN4.css                                                  [39m[1m[2m 91.30 kB[22m[1m[22m[2m │ gzip: 17.23 kB[22m
[2m../../dist/pres3/[22m[36massets/slidev/DrawingControls-u54obsFk.js                                  [39m[1m[2m  0.42 kB[22m[1m[22m[2m │ gzip:  0.27 kB[22m
[2m../../dist/pres3/[22m[36massets/slidev/IconButton.vue_vue_type_script_setup_true_lang--V1lOuCf.js   [39m[1m[2m  0.49 kB[22m[1m[22m[2m │ gzip:  0.34 kB[22m
[2m../../dist/pres3/[22m[36massets/slidev/context-C2qR68dt.js                                          [39m[1m[2m  0.52 kB[22m[1m[22m[2m │ gzip:  0.36 kB[22m
[2m../../dist/pres3/[22m[36massets/slidev/DrawingLayer-DKSWgwKH.js                                     [39m[1m[2m  0.67 kB[22m[1m[22m[2m │ gzip:  0.45 kB[22m
[2m../../dist/pres3/[22m[36massets/slidev/entry-C5Q7Doo_.js                                            [39m[1m[2m  0.99 kB[22m[1m[22m[2m │ gzip:  0.48 kB[22m
[2m../../dist/pres3/[22m[36massets/slidev/md-D5x4isfl.js                                               [39m[1m[2m  1.06 kB[22m[1m[22m[2m │ gzip:  0.65 kB[22m
[2m../../dist/pres3/[22m[36massets/slidev/404-BJw-Jl_S.js                                              [39m[1m[2m  1.14 kB[22m[1m[22m[2m │ gzip:  0.68 kB[22m
[2m../../dist/pres3/[22m[36massets/slidev/notes-D0TxHj6w.js                                            [39m[1m[2m  2.39 kB[22m[1m[22m[2m │ gzip:  1.18 kB[22m
[2m../../dist/pres3/[22m[36massets/modules/unplugin-icons-Bo5yyPmo.js                                  [39m[1m[2m  2.56 kB[22m[1m[22m[2m │ gzip:  1.09 kB[22m
[2m../../dist/pres3/[22m[36massets/modules/file-saver-DKWcVV7Q.js                                      [39m[1m[2m  3.08 kB[22m[1m[22m[2m │ gzip:  1.47 kB[22m
[2m../../dist/pres3/[22m[36massets/slidev/NoteDisplay.vue_vue_type_style_index_0_lang-DjgujHVI.js      [39m[1m[2m  4.97 kB[22m[1m[22m[2m │ gzip:  2.29 kB[22m
[2m../../dist/pres3/[22m[36massets/slidev/DrawingControls.vue_vue_type_style_index_0_lang-DtKx2RiS.js  [39m[1m[2m  5.22 kB[22m[1m[22m[2m │ gzip:  2.04 kB[22m
[2m../../dist/pres3/[22m[36massets/slidev/play-FG1xFCEq.js                                             [39m[1m[2m  5.85 kB[22m[1m[22m[2m │ gzip:  2.51 kB[22m
[2m../../dist/pres3/[22m[36massets/slidev/presenter-Do2x90-B.js                                        [39m[1m[2m  7.22 kB[22m[1m[22m[2m │ gzip:  3.20 kB[22m
[2m../../dist/pres3/[22m[36massets/slidev/overview-C7jH5TwI.js                                         [39m[1m[2m  8.19 kB[22m[1m[22m[2m │ gzip:  3.68 kB[22m
[2m../../dist/pres3/[22m[36massets/slidev/SlideWrapper-CmK7vfTp.js                                     [39m[1m[2m 25.51 kB[22m[1m[22m[2m │ gzip:  9.29 kB[22m
[2m../../dist/pres3/[22m[36massets/modules/shiki-DqHqTnHb.js                                           [39m[1m[2m 49.25 kB[22m[1m[22m[2m │ gzip: 15.69 kB[22m
[2m../../dist/pres3/[22m[36massets/slidev/shortcuts-BD7TUxf4.js                                        [39m[1m[2m 55.93 kB[22m[1m[22m[2m │ gzip: 19.89 kB[22m
[2m../../dist/pres3/[22m[36massets/index-CmDrpalJ.js                                                   [39m[1m[2m109.07 kB[22m[1m[22m[2m │ gzip: 39.96 kB[22m
[2m../../dist/pres3/[22m[36massets/modules/vue-DguiVrL0.js                                             [39m[1m[2m249.27 kB[22m[1m[22m[2m │ gzip: 93.72 kB[22m
[32m✓ built in 3.59s[39m

 All decks built.
